Arguments: 
  C:\Program Files\nodejs\node.exe C:\Users\S3vi2\AppData\Roaming\npm\node_modules\yarn\bin\yarn.js add create-react-app

PATH: 
  C:\Users\S3vi2\bin;C:\Program Files\Git\mingw64\bin;C:\Program Files\Git\usr\local\bin;C:\Program Files\Git\usr\bin;C:\Program Files\Git\usr\bin;C:\Program Files\Git\mingw64\bin;C:\Program Files\Git\usr\bin;C:\Users\S3vi2\bin;C:\Program Files (x86)\Intel\iCLS Client;C:\Program Files\Intel\iCLS Client;C:\Windows\system32;C:\Windows;C:\Windows\System32\Wbem;C:\Windows\System32\WindowsPowerShell\v1.0;C:\Program Files (x86)\NVIDIA Corporation\PhysX\Common;C:\Program Files (x86)\Intel\Intel(R) Management Engine Components\DAL;C:\Program Files\Intel\Intel(R) Management Engine Components\DAL;C:\Program Files (x86)\Intel\Intel(R) Management Engine Components\IPT;C:\Program Files\Intel\Intel(R) Management Engine Components\IPT;C:\Program Files\Intel\WiFi\bin;C:\Program Files\Common Files\Intel\WirelessCommon;C:\WINDOWS\system32;C:\WINDOWS;C:\WINDOWS\System32\Wbem;C:\WINDOWS\System32\WindowsPowerShell\v1.0;C:\Program Files\Git\cmd;C:\Program Files\nodejs;C:\Program Files\erl9.2\bin;C:\Program Files (x86)\Elixir\bin;C:\Users\S3vi2\.mix\escripts;C:\ProgramData\chocolatey\bin;C:\WINDOWS\System32\OpenSSH;C:\Users\S3vi2\AppData\Local\Programs\Python\Python36\Scripts;C:\Users\S3vi2\AppData\Local\Programs\Python\Python36;C:\Users\S3vi2\AppData\Local\Microsoft\WindowsApps;C:\Program Files\Heroku\bin;C:\Users\S3vi2\AppData\Roaming\npm;C:\Program Files\Microsoft VS Code\bin;C:\tools\mysql\current\bin;C:\Program Files\Docker Toolbox;C:\tools\dart-sdk\bin;C:\Users\S3vi2\AppData\Roaming\Pub\Cache\bin;C:\Program Files\Git\usr\bin\vendor_perl;C:\Program Files\Git\usr\bin\core_perl

Yarn version: 
  1.7.0

Node version: 
  8.9.4

Platform: 
  win32 x64

Trace: 
  Error: getaddrinfo EAI_AGAIN registry.yarnpkg.com:443
      at Object._errnoException (util.js:1022:11)
      at errnoException (dns.js:55:15)
      at GetAddrInfoReqWrap.onlookup [as oncomplete] (dns.js:92:26)

npm manifest: 
  No manifest

yarn manifest: 
  No manifest

Lockfile: 
  No lockfile
